<?xml version='1.0' encoding='UTF-8'?>
<dataset>
	<T_SYS_SYSTEM ID="1" NAME="测试系统1" BUSI_CODE="system1" DEPLOY_URL="http://localhost:8080/idev2/system1" AVALIABLE="Y" />
	<T_SYS_SYSTEM ID="2" NAME="测试系统2" BUSI_CODE="system2" DEPLOY_URL="http://localhost:8080/idev2/system2" AVALIABLE="Y" />
	<T_SYS_SYSTEM ID="3" NAME="无效的系统" BUSI_CODE="system3" DEPLOY_URL="http://localhost:8080/idev2/system3" AVALIABLE="N" />

	<T_SYS_ORG ID="1" NAME="测试组织A" PARENT_ID="0" CODE="0001" SHORT_NAME="ORG-A" AVALIABLE="Y" MEMO="" />
	<T_SYS_ORG ID="2" NAME="测试组织B" PARENT_ID="0" CODE="0002" SHORT_NAME="ORG-B" AVALIABLE="Y" MEMO="" />
	<T_SYS_ORG ID="3" NAME="测试组织C" PARENT_ID="0" CODE="0003" SHORT_NAME="ORG-C" AVALIABLE="Y" MEMO="" />
	<T_SYS_ORG ID="4" NAME="测试组织A-1" PARENT_ID="1" CODE="00010001" SHORT_NAME="ORG-A-1" AVALIABLE="Y" MEMO="" />
	<T_SYS_ORG ID="5" NAME="测试组织A-2" PARENT_ID="1" CODE="00010002" SHORT_NAME="ORG-A-2" AVALIABLE="Y" MEMO="" />
	<T_SYS_ORG ID="6" NAME="测试组织A-3" PARENT_ID="1" CODE="00010003" SHORT_NAME="ORG-A-3" AVALIABLE="Y" MEMO="" />
	<T_SYS_ORG ID="7" NAME="测试组织A-1-1" PARENT_ID="4" CODE="000100010001" SHORT_NAME="ORG-A-3" AVALIABLE="Y" MEMO="" />
	<T_SYS_ORG ID="8" NAME="测试组织B-1" PARENT_ID="2" CODE="00020001" SHORT_NAME="ORG-B-1" AVALIABLE="Y" MEMO="" />
	<T_SYS_ORG ID="9" NAME="无效的组织" PARENT_ID="1" CODE="0004" SHORT_NAME="ORG-A-4" AVALIABLE="N" MEMO="" />

	<T_SYS_ROLE ID="1" SYSTEM_ID="1" NAME="测试系统1-测试角色A" CODE="testRoleA" ORG_ID="1" DESCRIPTION="" AVALIABLE="Y" />
	<T_SYS_ROLE ID="2" SYSTEM_ID="1" NAME="测试系统1-测试角色B" CODE="testRoleB" ORG_ID="1" DESCRIPTION="" AVALIABLE="Y" />
	<T_SYS_ROLE ID="3" SYSTEM_ID="1" NAME="测试系统1-测试角色C" CODE="testRoleC" ORG_ID="1" DESCRIPTION="" AVALIABLE="Y" />
	<T_SYS_ROLE ID="4" SYSTEM_ID="2" NAME="测试系统2-测试角色D" CODE="testRoleD" ORG_ID="1" DESCRIPTION="" AVALIABLE="Y" />
	<T_SYS_ROLE ID="5" SYSTEM_ID="1" NAME="测试系统1-管理员" CODE="admin" ORG_ID="1" DESCRIPTION="" AVALIABLE="Y" />
	<T_SYS_ROLE ID="6" SYSTEM_ID="1" NAME="无效的角色" CODE="deleted" ORG_ID="1" DESCRIPTION="" AVALIABLE="N" />

	<T_SYS_USER ID="1" NAME="系统管理员" ORG_ID="1" AVALIABLE="Y" LOGIN_NAME="admin" PASSWORD="idev" ADMIN="Y" />
	<T_SYS_USER ID="100" NAME="测试用户1" ORG_ID="2" AVALIABLE="Y" LOGIN_NAME="user1" PASSWORD="idev" ADMIN="N" />
	<T_SYS_USER ID="101" NAME="测试用户2" ORG_ID="2" AVALIABLE="Y" LOGIN_NAME="user2" PASSWORD="idev" ADMIN="N" />
	<T_SYS_USER ID="102" NAME="无效用户" ORG_ID="1" AVALIABLE="N" LOGIN_NAME="deleteuser" PASSWORD="idev" ADMIN="N" />

	<T_SYS_USER_ROLE USER_ID="1" ROLE_ID="5" />
	<T_SYS_USER_ROLE USER_ID="100" ROLE_ID="1" />
	<T_SYS_USER_ROLE USER_ID="100" ROLE_ID="2" />

	<T_SYS_FUNC ID="1" SYSTEM_ID="1" CODE="0001" NAME="功能目录A" BUSI_CODE="A" FUNC_URL="" HELP_URL="" LEAF="N" PARENT_ID="0" FUNC_TYPE="A" AVALIABLE="Y" FUNC_ICON="" />
	<T_SYS_FUNC ID="2" SYSTEM_ID="1" CODE="00010001" NAME="功能菜单A-1" BUSI_CODE="A-1" FUNC_URL="http://localhost:8080/idev/code2" HELP_URL="" LEAF="Y" PARENT_ID="1" FUNC_TYPE="A" AVALIABLE="Y" FUNC_ICON="" />
	<T_SYS_FUNC ID="3" SYSTEM_ID="1" CODE="00010002" NAME="功能菜单A-2" BUSI_CODE="A-2" FUNC_URL="http://localhost:8080/idev/code3" HELP_URL="" LEAF="Y" PARENT_ID="1" FUNC_TYPE="F" AVALIABLE="Y" FUNC_ICON="" />
	<T_SYS_FUNC ID="4" SYSTEM_ID="1" CODE="00010003" NAME="功能目录A-A" BUSI_CODE="A-A" FUNC_URL="" HELP_URL="" LEAF="N" PARENT_ID="1" FUNC_TYPE="A" AVALIABLE="Y" FUNC_ICON="" />
	<T_SYS_FUNC ID="5" SYSTEM_ID="1" CODE="000100030001" NAME="功能菜单A-A-1" BUSI_CODE="A-A-1" FUNC_URL="http://localhost:8080/idev/code5" HELP_URL="" LEAF="Y" PARENT_ID="4" FUNC_TYPE="A" AVALIABLE="Y" FUNC_ICON="" />
	<T_SYS_FUNC ID="6" SYSTEM_ID="1" CODE="0002" NAME="功能目录B" BUSI_CODE="B" FUNC_URL="" HELP_URL="" LEAF="N" PARENT_ID="0" FUNC_TYPE="A" AVALIABLE="Y" FUNC_ICON="" />
	<T_SYS_FUNC ID="7" SYSTEM_ID="1" CODE="00020001" NAME="功能菜单B-1" BUSI_CODE="B-1" FUNC_URL="http://localhost:8080/idev/code7" HELP_URL="" LEAF="Y" PARENT_ID="6" FUNC_TYPE="A" AVALIABLE="Y" FUNC_ICON="" />
	<T_SYS_FUNC ID="8" SYSTEM_ID="1" CODE="00020002" NAME="功能菜单B-2" BUSI_CODE="B-2" FUNC_URL="http://localhost:8080/idev/code8" HELP_URL="" LEAF="Y" PARENT_ID="6" FUNC_TYPE="A" AVALIABLE="Y" FUNC_ICON="" />
	<T_SYS_FUNC ID="9" SYSTEM_ID="1" CODE="0003" NAME="功能目录C" BUSI_CODE="C" FUNC_URL="" HELP_URL="" LEAF="N" PARENT_ID="0" FUNC_TYPE="A" AVALIABLE="Y" FUNC_ICON="" />
	<T_SYS_FUNC ID="10" SYSTEM_ID="1" CODE="0004" NAME="无效的菜单" BUSI_CODE="D" FUNC_URL="http://localhost:8080/idev/code10" HELP_URL="" LEAF="Y" PARENT_ID="1" FUNC_TYPE="A" AVALIABLE="N" FUNC_ICON="" />
	<T_SYS_FUNC ID="11" SYSTEM_ID="2" CODE="0005" NAME="功能目录E" BUSI_CODE="E" FUNC_URL="" HELP_URL="" LEAF="N" PARENT_ID="0" FUNC_TYPE="A" AVALIABLE="Y" FUNC_ICON="" />
	<T_SYS_FUNC ID="12" SYSTEM_ID="2" CODE="00050001" NAME="功能菜单E-1" BUSI_CODE="E-1" FUNC_URL="http://localhost:8080/idev/code12" HELP_URL="" LEAF="Y" PARENT_ID="11" FUNC_TYPE="A" AVALIABLE="Y" FUNC_ICON="" />

	<T_SYS_OBJECT ID="1" NAME="新增" BUSI_CODE="ADD" FUNC_ID="2" />
	<T_SYS_OBJECT ID="2" NAME="编辑" BUSI_CODE="EDIT" FUNC_ID="2" />
	<T_SYS_OBJECT ID="3" NAME="删除" BUSI_CODE="DEL" FUNC_ID="2" />
	<T_SYS_OBJECT ID="4" NAME="查询" BUSI_CODE="READ" FUNC_ID="2" />
	<T_SYS_OBJECT ID="11" NAME="新增" BUSI_CODE="ADD" FUNC_ID="7" />
	<T_SYS_OBJECT ID="12" NAME="编辑" BUSI_CODE="EDIT" FUNC_ID="7" />
	<T_SYS_OBJECT ID="13" NAME="删除" BUSI_CODE="DEL" FUNC_ID="8" />
	<T_SYS_OBJECT ID="14" NAME="查询" BUSI_CODE="READ" FUNC_ID="8" />
	<T_SYS_OBJECT ID="15" NAME="查询" BUSI_CODE="READ" FUNC_ID="5" />

	<T_SYS_ROLE_FUNC ROLE_ID="1" FUNC_ID="2" />
	<T_SYS_ROLE_FUNC ROLE_ID="2" FUNC_ID="7" />
	<T_SYS_ROLE_FUNC ROLE_ID="2" FUNC_ID="8" />
	<T_SYS_ROLE_FUNC ROLE_ID="3" FUNC_ID="11" />

	<T_SYS_ROLE_OBJECT ROLE_ID="1" FUNC_ID="2" OBJECT_ID="1" />
	<T_SYS_ROLE_OBJECT ROLE_ID="1" FUNC_ID="2" OBJECT_ID="2" />
	<T_SYS_ROLE_OBJECT ROLE_ID="1" FUNC_ID="2" OBJECT_ID="3" />
	<T_SYS_ROLE_OBJECT ROLE_ID="2" FUNC_ID="7" OBJECT_ID="11" />
	<T_SYS_ROLE_OBJECT ROLE_ID="2" FUNC_ID="7" OBJECT_ID="12" />
	<T_SYS_ROLE_OBJECT ROLE_ID="2" FUNC_ID="8" OBJECT_ID="14" />
	<T_SYS_ROLE_OBJECT ROLE_ID="3" FUNC_ID="11" OBJECT_ID="0" />

	<T_SYS_USER_FUNC USER_ID="100" FUNC_ID="1" />
	<T_SYS_USER_FUNC USER_ID="100" FUNC_ID="2" />
	<T_SYS_USER_FUNC USER_ID="101" FUNC_ID="2" />
	<T_SYS_USER_FUNC USER_ID="100" FUNC_ID="6" />
	<T_SYS_USER_FUNC USER_ID="100" FUNC_ID="7" />
	<T_SYS_USER_FUNC USER_ID="100" FUNC_ID="8" />
	<T_SYS_USER_FUNC USER_ID="101" FUNC_ID="5" />

	<T_SYS_USER_OBJECT USER_ID="100" FUNC_ID="2" OBJECT_ID="1" />
	<T_SYS_USER_OBJECT USER_ID="100" FUNC_ID="2" OBJECT_ID="2" />
	<T_SYS_USER_OBJECT USER_ID="100" FUNC_ID="2" OBJECT_ID="3" />
	<T_SYS_USER_OBJECT USER_ID="101" FUNC_ID="2" OBJECT_ID="1" />
	<T_SYS_USER_OBJECT USER_ID="100" FUNC_ID="7" OBJECT_ID="11" />
	<T_SYS_USER_OBJECT USER_ID="100" FUNC_ID="7" OBJECT_ID="12" />
	<T_SYS_USER_OBJECT USER_ID="100" FUNC_ID="8" OBJECT_ID="14" />
	<T_SYS_USER_OBJECT USER_ID="101" FUNC_ID="5" OBJECT_ID="0" />
	
</dataset>
